<?xml version="1.0" encoding="UTF-8"?>
<!-- Generated by org.testng.reporters.JUnitReportReporter -->
<testsuite hostname="LAPTOP-B5DT44ER" failures="0" tests="4" name="REST_Assured_Demo.REST_Assured_Demo.Day1" time="17.185" errors="0" timestamp="2023-04-28T12:12:07 IST" skipped="0">
  <testcase classname="REST_Assured_Demo.REST_Assured_Demo.Day1" name="deleteUser" time="0.712"/>
  <system-out/>
  <testcase classname="REST_Assured_Demo.REST_Assured_Demo.Day1" name="updateUser" time="0.714"/>
  <system-out/>
  <testcase classname="REST_Assured_Demo.REST_Assured_Demo.Day1" name="getUser" time="5.538"/>
  <system-out/>
  <testcase classname="REST_Assured_Demo.REST_Assured_Demo.Day1" name="createUser" time="10.221"/>
  <system-out/>
</testsuite> <!-- REST_Assured_Demo.REST_Assured_Demo.Day1 -->
