<?xml version="1.0" encoding="UTF-8"?>
<!-- Generated by org.testng.reporters.JUnitReportReporter -->
<testsuite hostname="LAPTOP-B5DT44ER" failures="0" tests="3" name="REST_Assured_Demo.REST_Assured_Demo.Http_Method_Test_Cases1" time="6.082" errors="0" timestamp="2023-05-02T15:43:09 IST" skipped="0">
  <testcase classname="REST_Assured_Demo.REST_Assured_Demo.Http_Method_Test_Cases1" name="get" time="1.041"/>
  <system-out/>
  <testcase classname="REST_Assured_Demo.REST_Assured_Demo.Http_Method_Test_Cases1" name="post" time="0.499"/>
  <system-out/>
  <testcase classname="REST_Assured_Demo.REST_Assured_Demo.Http_Method_Test_Cases1" name="delete" time="4.542"/>
  <system-out/>
</testsuite> <!-- REST_Assured_Demo.REST_Assured_Demo.Http_Method_Test_Cases1 -->
